<?xml version="1.0" encoding="UTF-8"?>
<!-- Generated by org.testng.reporters.JUnitXMLReporter -->
<testsuite hostname="XLH-20160517" name="Test" tests="2" failures="1" timestamp="30 Nov 2016 01:53:31 GMT" time="0.034" errors="0">
  <testcase name="f" time="0.015" classname="test.apptest.HelloWorld">
    <failure type="java.lang.AssertionError" message="expected [true] but found [false]">
      <![CDATA[java.lang.AssertionError: expected [true] but found [false]
	at test.apptest.HelloWorld.f(HelloWorld.java:12)
... Removed 28 stack frames]]>
    </failure>
  </testcase> <!-- f -->
  <testcase name="f" time="0.001" classname="test.apptest.HelloWorld2"/>
</testsuite> <!-- Test -->
