<?xml version="1.0" encoding="UTF-8"?>
<testng-results skipped="0" failed="0" total="1" passed="1">
  <reporter-output>
  </reporter-output>
  <suite name="Default suite" duration-ms="5396" started-at="2017-04-18T05:46:45Z" finished-at="2017-04-18T05:46:50Z">
    <groups>
    </groups>
    <test name="Default test" duration-ms="5396" started-at="2017-04-18T05:46:45Z" finished-at="2017-04-18T05:46:50Z">
      <class name="test.utils.TakeScreen">
        <test-method status="PASS" signature="test()[pri:0, instance:test.utils.TakeScreen@204f30ec]" name="test" duration-ms="5377" started-at="2017-04-18T13:46:45Z" finished-at="2017-04-18T13:46:50Z">
          <reporter-output>
          </reporter-output>
        </test-method> <!-- test -->
      </class> <!-- test.utils.TakeScreen -->
    </test> <!-- Default test -->
  </suite> <!-- Default suite -->
</testng-results>
